0 info it worked if it ends with ok
1 verbose cli [ 'C:\\Program Files\\nodejs\\node.exe',
1 verbose cli   'C:\\Program Files\\nodejs\\node_modules\\npm\\bin\\npm-cli.js',
1 verbose cli   'run',
1 verbose cli   'build' ]
2 info using npm@3.10.10
3 info using node@v6.11.3
4 verbose run-script [ 'prebuild', 'build', 'postbuild' ]
5 info lifecycle bitmo@1.0.0~prebuild: bitmo@1.0.0
6 silly lifecycle bitmo@1.0.0~prebuild: no script for prebuild, continuing
7 info lifecycle bitmo@1.0.0~build: bitmo@1.0.0
8 verbose lifecycle bitmo@1.0.0~build: unsafe-perm in lifecycle true
9 verbose lifecycle bitmo@1.0.0~build: PATH: C:\Program Files\nodejs\node_modules\npm\bin\node-gyp-bin;D:\workspace\bitmoDataCenter\node_modules\.bin;C:\ProgramData\Anaconda3;C:\ProgramData\Anaconda3\Library\mingw-w64\bin;C:\ProgramData\Anaconda3\Library\usr\bin;C:\ProgramData\Anaconda3\Library\bin;C:\ProgramData\Anaconda3\Scripts;C:\Windows\system32;C:\Windows;C:\Windows\System32\Wbem;C:\Windows\System32\WindowsPowerShell\v1.0\;C:\Program Files (x86)\NVIDIA Corporation\PhysX\Common;C:\Program Files\nodejs\;C:\Program Files\Git\cmd;C:\WINDOWS\system32;C:\WINDOWS;C:\WINDOWS\System32\Wbem;C:\WINDOWS\System32\WindowsPowerShell\v1.0\;C:\Program Files (x86)\Windows Kits\8.1\Windows Performance Toolkit\;C:\Program Files\Microsoft SQL Server\130\Tools\Binn\;C:\Program Files\dotnet\;C:\Users\skyho\AppData\Local\Microsoft\WindowsApps;C:\Program Files\Bandizip\;C:\Program Files\Microsoft VS Code\bin;C:\Users\skyho\AppData\Roaming\npm;
10 verbose lifecycle bitmo@1.0.0~build: CWD: D:\workspace\bitmoDataCenter
11 silly lifecycle bitmo@1.0.0~build: Args: [ '/d /s /c', 'mkdir logs && mkdir bot' ]
12 silly lifecycle bitmo@1.0.0~build: Returned: code: 1  signal: null
13 info lifecycle bitmo@1.0.0~build: Failed to exec build script
14 verbose stack Error: bitmo@1.0.0 build: `mkdir logs && mkdir bot`
14 verbose stack Exit status 1
14 verbose stack     at EventEmitter.<anonymous> (C:\Program Files\nodejs\node_modules\npm\lib\utils\lifecycle.js:255:16)
14 verbose stack     at emitTwo (events.js:106:13)
14 verbose stack     at EventEmitter.emit (events.js:191:7)
14 verbose stack     at ChildProcess.<anonymous> (C:\Program Files\nodejs\node_modules\npm\lib\utils\spawn.js:40:14)
14 verbose stack     at emitTwo (events.js:106:13)
14 verbose stack     at ChildProcess.emit (events.js:191:7)
14 verbose stack     at maybeClose (internal/child_process.js:920:16)
14 verbose stack     at Process.ChildProcess._handle.onexit (internal/child_process.js:230:5)
15 verbose pkgid bitmo@1.0.0
16 verbose cwd D:\workspace\bitmoDataCenter
17 error Windows_NT 10.0.16299
18 error argv "C:\\Program Files\\nodejs\\node.exe" "C:\\Program Files\\nodejs\\node_modules\\npm\\bin\\npm-cli.js" "run" "build"
19 error node v6.11.3
20 error npm  v3.10.10
21 error code ELIFECYCLE
22 error bitmo@1.0.0 build: `mkdir logs && mkdir bot`
22 error Exit status 1
23 error Failed at the bitmo@1.0.0 build script 'mkdir logs && mkdir bot'.
23 error Make sure you have the latest version of node.js and npm installed.
23 error If you do, this is most likely a problem with the bitmo package,
23 error not with npm itself.
23 error Tell the author that this fails on your system:
23 error     mkdir logs && mkdir bot
23 error You can get information on how to open an issue for this project with:
23 error     npm bugs bitmo
23 error Or if that isn't available, you can get their info via:
23 error     npm owner ls bitmo
23 error There is likely additional logging output above.
24 verbose exit [ 1, true ]
